<?xml version="1.0" encoding="UTF-8"?>
<testsuite xmlns:xsi="http://www.w3.org/2001/XMLSchema-instance" xsi:noNamespaceSchemaLocation="https://maven.apache.org/surefire/maven-surefire-plugin/xsd/surefire-test-report.xsd" name="TestTaskMail.AppTest" time="0.467" tests="2" errors="2" skipped="0" failures="0">
  <properties>
[...]
</properties>
  <testcase name="errorSendEmail" classname="TestTaskMail.AppTest" time="0.318">
    <error type="java.lang.ExceptionInInitializerError">java.lang.ExceptionInInitializerError
	at TestTaskMail.AppTest.errorSendEmail(AppTest.java:32)
Caused by: java.lang.IllegalStateException: The driver executable does not exist: D:\Programms\Java2\TestTaskMail_\chromedriver.exe
	at TestTaskMail.AppTest.errorSendEmail(AppTest.java:32)
</error>
  </testcase>
  <testcase name="validSendEmail" classname="TestTaskMail.AppTest" time="0">
    <error message="Could not initialize class TestTaskMail.HomePage" type="java.lang.NoClassDefFoundError">java.lang.NoClassDefFoundError: Could not initialize class TestTaskMail.HomePage
	at TestTaskMail.AppTest.validSendEmail(AppTest.java:19)
</error>
  </testcase>
</testsuite>